0 info it worked if it ends with ok
1 verbose cli [ '/usr/bin/nodejs', '/usr/bin/npm', 'run', 'web-app' ]
2 info using npm@4.0.5
3 info using node@v7.4.0
4 verbose run-script [ 'preweb-app', 'web-app', 'postweb-app' ]
5 info lifecycle okudos-web@1.0.0~preweb-app: okudos-web@1.0.0
6 silly lifecycle okudos-web@1.0.0~preweb-app: no script for preweb-app, continuing
7 info lifecycle okudos-web@1.0.0~web-app: okudos-web@1.0.0
8 verbose lifecycle okudos-web@1.0.0~web-app: unsafe-perm in lifecycle true
9 verbose lifecycle okudos-web@1.0.0~web-app: PATH: /usr/lib/node_modules/npm/bin/node-gyp-bin:/home/tomek/Pulpit/web/node_modules/.bin:/usr/local/sbin:/usr/local/bin:/usr/sbin:/usr/bin:/sbin:/bin:/usr/games:/usr/local/games
10 verbose lifecycle okudos-web@1.0.0~web-app: CWD: /home/tomek/Pulpit/web
11 silly lifecycle okudos-web@1.0.0~web-app: Args: [ '-c', 'webpack-dev-server --port 8081 --hot --inline' ]
12 silly lifecycle okudos-web@1.0.0~web-app: Returned: code: 1  signal: null
13 info lifecycle okudos-web@1.0.0~web-app: Failed to exec web-app script
14 verbose stack Error: okudos-web@1.0.0 web-app: `webpack-dev-server --port 8081 --hot --inline`
14 verbose stack Exit status 1
14 verbose stack     at EventEmitter.<anonymous> (/usr/lib/node_modules/npm/lib/utils/lifecycle.js:279:16)
14 verbose stack     at emitTwo (events.js:106:13)
14 verbose stack     at EventEmitter.emit (events.js:191:7)
14 verbose stack     at ChildProcess.<anonymous> (/usr/lib/node_modules/npm/lib/utils/spawn.js:40:14)
14 verbose stack     at emitTwo (events.js:106:13)
14 verbose stack     at ChildProcess.emit (events.js:191:7)
14 verbose stack     at maybeClose (internal/child_process.js:885:16)
14 verbose stack     at Process.ChildProcess._handle.onexit (internal/child_process.js:226:5)
15 verbose pkgid okudos-web@1.0.0
16 verbose cwd /home/tomek/Pulpit/web
17 error Linux 4.4.0-47-generic
18 error argv "/usr/bin/nodejs" "/usr/bin/npm" "run" "web-app"
19 error node v7.4.0
20 error npm  v4.0.5
21 error code ELIFECYCLE
22 error okudos-web@1.0.0 web-app: `webpack-dev-server --port 8081 --hot --inline`
22 error Exit status 1
23 error Failed at the okudos-web@1.0.0 web-app script 'webpack-dev-server --port 8081 --hot --inline'.
23 error Make sure you have the latest version of node.js and npm installed.
23 error If you do, this is most likely a problem with the okudos-web package,
23 error not with npm itself.
23 error Tell the author that this fails on your system:
23 error     webpack-dev-server --port 8081 --hot --inline
23 error You can get information on how to open an issue for this project with:
23 error     npm bugs okudos-web
23 error Or if that isn't available, you can get their info via:
23 error     npm owner ls okudos-web
23 error There is likely additional logging output above.
24 verbose exit [ 1, true ]
